  cameraclass.cpp
  colorshaderclass.cpp
  d3dclass.cpp
  graphicsclass.cpp
graphicsclass.cpp(219): warning C4244: 'argument': conversion from 'float' to 'int', possible loss of data
graphicsclass.cpp(228): warning C4244: 'argument': conversion from 'time_t' to 'unsigned int', possible loss of data
graphicsclass.cpp(252): warning C4244: '=': conversion from 'int' to 'float', possible loss of data
graphicsclass.cpp(253): warning C4244: '=': conversion from 'int' to 'float', possible loss of data
graphicsclass.cpp(264): warning C4244: '=': conversion from 'int' to 'float', possible loss of data
graphicsclass.cpp(265): warning C4244: '=': conversion from 'int' to 'float', possible loss of data
graphicsclass.cpp(273): warning C4244: '=': conversion from 'int' to 'float', possible loss of data
graphicsclass.cpp(274): warning C4244: '=': conversion from 'int' to 'float', possible loss of data
graphicsclass.cpp(199): warning C4101: 'result': unreferenced local variable
graphicsclass.cpp(377): warning C4101: 'result': unreferenced local variable
graphicsclass.cpp(904): warning C4267: 'initializing': conversion from 'size_t' to 'int', possible loss of data
graphicsclass.cpp(911): warning C4267: 'initializing': conversion from 'size_t' to 'int', possible loss of data
graphicsclass.cpp(1556): warning C4244: 'argument': conversion from 'double' to 'float', possible loss of data
graphicsclass.cpp(1685): warning C4267: 'initializing': conversion from 'size_t' to 'int', possible loss of data
graphicsclass.cpp(1851): warning C4267: '+=': conversion from 'size_t' to 'int', possible loss of data
  inputclass.cpp
  light.cpp
  main.cpp
  modelclass.cpp
modelclass.cpp(114): warning C4267: '=': conversion from 'size_t' to 'int', possible loss of data
modelclass.cpp(117): warning C4267: '=': conversion from 'size_t' to 'int', possible loss of data
  PerlinNoise.cpp
  systemclass.cpp
systemclass.cpp(24): warning C4101: 'result': unreferenced local variable
  textureclass.cpp
textureclass.cpp(424): warning C4244: '*=': conversion from 'double' to 'int', possible loss of data
textureclass.cpp(425): warning C4244: '*=': conversion from 'double' to 'int', possible loss of data
textureclass.cpp(426): warning C4244: '*=': conversion from 'double' to 'int', possible loss of data
textureclass.cpp(547): warning C4244: '*=': conversion from 'double' to 'int', possible loss of data
textureclass.cpp(548): warning C4244: '*=': conversion from 'double' to 'int', possible loss of data
textureclass.cpp(549): warning C4244: '*=': conversion from 'double' to 'int', possible loss of data
textureclass.cpp(718): warning C4244: '*=': conversion from 'double' to 'int', possible loss of data
textureclass.cpp(719): warning C4244: '*=': conversion from 'double' to 'int', possible loss of data
textureclass.cpp(720): warning C4244: '*=': conversion from 'double' to 'int', possible loss of data
textureclass.cpp(725): warning C4244: '*=': conversion from 'double' to 'int', possible loss of data
textureclass.cpp(726): warning C4244: '*=': conversion from 'double' to 'int', possible loss of data
textureclass.cpp(727): warning C4244: '*=': conversion from 'double' to 'int', possible loss of data
  textureshaderclass.cpp
textureshaderclass.cpp(299): warning C4244: '=': conversion from 'SIZE_T' to 'unsigned long', possible loss of data
  timerclass.cpp
  Generating code
  791 of 805 functions (98.3%) were compiled, the rest were copied from previous compilation.
    9 functions were new in current compilation
    0 functions had inline decision re-evaluated but remain unchanged
  Finished generating code
  Procedural-ATP.vcxproj -> C:\Users\Connor\git\CTP-Procedural-Plants\x64\Release\Procedural-ATP.exe
